<?xml version="1.0" encoding="UTF-8"?>
<!-- Generated by org.testng.reporters.JUnitXMLReporter -->
<testsuite hostname="17445-Vikas" ignored="0" name="Default test" tests="2" failures="0" timestamp="02 Jun 2023 04:44:49 GMT" time="0.045" errors="0">
  <testcase name="testPostUser" time="0.0" classname="api.test.DatadrivenTest">
    <skipped/>
  </testcase> <!-- testPostUser -->
  <testcase name="testDeleteUserByName" time="0.0" classname="api.test.DatadrivenTest">
    <skipped/>
  </testcase> <!-- testDeleteUserByName -->
</testsuite> <!-- Default test -->
